[2015-11-22 14:43:52] lumen.ERROR: exception 'Symfony\Component\Debug\Exception\FatalErrorException' with message 'Access to undeclared static property: TestCase::$dbh' in C:\Users\Alessio\Documents\GitHub\pronto-framework\tests\TestCase.php:24
Stack trace:
#0 [internal function]: Laravel\Lumen\Application->Laravel\Lumen\{closure}()
#1 {main}  
[2015-11-22 14:48:06] lumen.ERROR: exception 'Symfony\Component\Debug\Exception\FatalErrorException' with message 'syntax error, unexpected end of file' in C:\Users\Alessio\Documents\GitHub\pronto-framework\tests\TestCase.php:49
Stack trace:
#0 [internal function]: Laravel\Lumen\Application->Laravel\Lumen\{closure}()
#1 {main}  
[2015-11-22 14:54:19] lumen.ERROR: exception 'ErrorException' with message 'unlink(C:\Users\Alessio\Documents\GitHub\pronto-framework\tests/../storage/app/config.json): No such file or directory' in C:\Users\Alessio\Documents\GitHub\pronto-framework\tests\TestCase.php:46
Stack trace:
#0 [internal function]: Laravel\Lumen\Application->Laravel\Lumen\{closure}(2, 'unlink(C:\\Users...', 'C:\\Users\\Alessi...', 46, Array)
#1 C:\Users\Alessio\Documents\GitHub\pronto-framework\tests\TestCase.php(46): unlink('C:\\Users\\Alessi...')
#2 [internal function]: TestCase::tearDownAfterClass()
#3 C:\Users\Alessio\Documents\GitHub\pronto-framework\vendor\phpunit\phpunit\src\Framework\TestSuite.php(752): call_user_func(Array)
#4 C:\Users\Alessio\Documents\GitHub\pronto-framework\vendor\phpunit\phpunit\src\Framework\TestSuite.php(747): PHPUnit_Framework_TestSuite->run(Object(PHPUnit_Framework_TestResult))
#5 C:\Users\Alessio\Documents\GitHub\pronto-framework\vendor\phpunit\phpunit\src\TextUI\TestRunner.php(440): PHPUnit_Framework_TestSuite->run(Object(PHPUnit_Framework_TestResult))
#6 C:\Users\Alessio\Documents\GitHub\pronto-framework\vendor\phpunit\phpunit\src\TextUI\Command.php(149): PHPUnit_TextUI_TestRunner->doRun(Object(PHPUnit_Framework_TestSuite), Array)
#7 C:\Users\Alessio\Documents\GitHub\pronto-framework\vendor\phpunit\phpunit\src\TextUI\Command.php(100): PHPUnit_TextUI_Command->run(Array, true)
#8 C:\Users\Alessio\Documents\GitHub\pronto-framework\vendor\phpunit\phpunit\phpunit(47): PHPUnit_TextUI_Command::main()
#9 {main}  
[2015-11-22 14:55:03] lumen.ERROR: exception 'ErrorException' with message 'unlink(C:\Users\Alessio\Documents\GitHub\pronto-framework\tests/../storage/app): Permission denied' in C:\Users\Alessio\Documents\GitHub\pronto-framework\tests\TestCase.php:47
Stack trace:
#0 [internal function]: Laravel\Lumen\Application->Laravel\Lumen\{closure}(2, 'unlink(C:\\Users...', 'C:\\Users\\Alessi...', 47, Array)
#1 C:\Users\Alessio\Documents\GitHub\pronto-framework\tests\TestCase.php(47): unlink('C:\\Users\\Alessi...')
#2 [internal function]: TestCase::tearDownAfterClass()
#3 C:\Users\Alessio\Documents\GitHub\pronto-framework\vendor\phpunit\phpunit\src\Framework\TestSuite.php(752): call_user_func(Array)
#4 C:\Users\Alessio\Documents\GitHub\pronto-framework\vendor\phpunit\phpunit\src\Framework\TestSuite.php(747): PHPUnit_Framework_TestSuite->run(Object(PHPUnit_Framework_TestResult))
#5 C:\Users\Alessio\Documents\GitHub\pronto-framework\vendor\phpunit\phpunit\src\TextUI\TestRunner.php(440): PHPUnit_Framework_TestSuite->run(Object(PHPUnit_Framework_TestResult))
#6 C:\Users\Alessio\Documents\GitHub\pronto-framework\vendor\phpunit\phpunit\src\TextUI\Command.php(149): PHPUnit_TextUI_TestRunner->doRun(Object(PHPUnit_Framework_TestSuite), Array)
#7 C:\Users\Alessio\Documents\GitHub\pronto-framework\vendor\phpunit\phpunit\src\TextUI\Command.php(100): PHPUnit_TextUI_Command->run(Array, true)
#8 C:\Users\Alessio\Documents\GitHub\pronto-framework\vendor\phpunit\phpunit\phpunit(47): PHPUnit_TextUI_Command::main()
#9 {main}  
[2015-11-22 14:55:34] lumen.ERROR: exception 'ErrorException' with message 'unlink(C:\Users\Alessio\Documents\GitHub\pronto-framework\tests/../storage/app): Permission denied' in C:\Users\Alessio\Documents\GitHub\pronto-framework\tests\TestCase.php:47
Stack trace:
#0 [internal function]: Laravel\Lumen\Application->Laravel\Lumen\{closure}(2, 'unlink(C:\\Users...', 'C:\\Users\\Alessi...', 47, Array)
#1 C:\Users\Alessio\Documents\GitHub\pronto-framework\tests\TestCase.php(47): unlink('C:\\Users\\Alessi...')
#2 [internal function]: TestCase::tearDownAfterClass()
#3 C:\Users\Alessio\Documents\GitHub\pronto-framework\vendor\phpunit\phpunit\src\Framework\TestSuite.php(752): call_user_func(Array)
#4 C:\Users\Alessio\Documents\GitHub\pronto-framework\vendor\phpunit\phpunit\src\Framework\TestSuite.php(747): PHPUnit_Framework_TestSuite->run(Object(PHPUnit_Framework_TestResult))
#5 C:\Users\Alessio\Documents\GitHub\pronto-framework\vendor\phpunit\phpunit\src\TextUI\TestRunner.php(440): PHPUnit_Framework_TestSuite->run(Object(PHPUnit_Framework_TestResult))
#6 C:\Users\Alessio\Documents\GitHub\pronto-framework\vendor\phpunit\phpunit\src\TextUI\Command.php(149): PHPUnit_TextUI_TestRunner->doRun(Object(PHPUnit_Framework_TestSuite), Array)
#7 C:\Users\Alessio\Documents\GitHub\pronto-framework\vendor\phpunit\phpunit\src\TextUI\Command.php(100): PHPUnit_TextUI_Command->run(Array, true)
#8 C:\Users\Alessio\Documents\GitHub\pronto-framework\vendor\phpunit\phpunit\phpunit(47): PHPUnit_TextUI_Command::main()
#9 {main}  
[2015-11-22 14:57:08] lumen.ERROR: exception 'Symfony\Component\Debug\Exception\FatalErrorException' with message 'syntax error, unexpected end of file' in C:\Users\Alessio\Documents\GitHub\pronto-framework\tests\TestCase.php:47
Stack trace:
#0 [internal function]: Laravel\Lumen\Application->Laravel\Lumen\{closure}()
#1 {main}  
[2015-11-22 14:57:16] lumen.ERROR: exception 'Symfony\Component\Debug\Exception\FatalErrorException' with message 'syntax error, unexpected end of file' in C:\Users\Alessio\Documents\GitHub\pronto-framework\tests\TestCase.php:46
Stack trace:
#0 [internal function]: Laravel\Lumen\Application->Laravel\Lumen\{closure}()
#1 {main}  
[2015-11-22 15:00:49] lumen.ERROR: exception 'ErrorException' with message 'rmdir(C:\Users\Alessio\Documents\GitHub\pronto-framework\tests/../storage/content/example-section/): Directory not empty' in C:\Users\Alessio\Documents\GitHub\pronto-framework\tests\TestCase.php:51
Stack trace:
#0 [internal function]: Laravel\Lumen\Application->Laravel\Lumen\{closure}(2, 'rmdir(C:\\Users\\...', 'C:\\Users\\Alessi...', 51, Array)
#1 C:\Users\Alessio\Documents\GitHub\pronto-framework\tests\TestCase.php(51): rmdir('C:\\Users\\Alessi...')
#2 [internal function]: TestCase::tearDownAfterClass()
#3 C:\Users\Alessio\Documents\GitHub\pronto-framework\vendor\phpunit\phpunit\src\Framework\TestSuite.php(752): call_user_func(Array)
#4 C:\Users\Alessio\Documents\GitHub\pronto-framework\vendor\phpunit\phpunit\src\Framework\TestSuite.php(747): PHPUnit_Framework_TestSuite->run(Object(PHPUnit_Framework_TestResult))
#5 C:\Users\Alessio\Documents\GitHub\pronto-framework\vendor\phpunit\phpunit\src\TextUI\TestRunner.php(440): PHPUnit_Framework_TestSuite->run(Object(PHPUnit_Framework_TestResult))
#6 C:\Users\Alessio\Documents\GitHub\pronto-framework\vendor\phpunit\phpunit\src\TextUI\Command.php(149): PHPUnit_TextUI_TestRunner->doRun(Object(PHPUnit_Framework_TestSuite), Array)
#7 C:\Users\Alessio\Documents\GitHub\pronto-framework\vendor\phpunit\phpunit\src\TextUI\Command.php(100): PHPUnit_TextUI_Command->run(Array, true)
#8 C:\Users\Alessio\Documents\GitHub\pronto-framework\vendor\phpunit\phpunit\phpunit(47): PHPUnit_TextUI_Command::main()
#9 {main}  
[2015-11-22 16:59:51] lumen.ERROR: exception 'ErrorException' with message 'rmdir(C:\Users\Alessio\Documents\GitHub\pronto-framework\tests/../storage/content/example-section/): Directory not empty' in C:\Users\Alessio\Documents\GitHub\pronto-framework\tests\TestCase.php:81
Stack trace:
#0 [internal function]: Laravel\Lumen\Application->Laravel\Lumen\{closure}(2, 'rmdir(C:\\Users\\...', 'C:\\Users\\Alessi...', 81, Array)
#1 C:\Users\Alessio\Documents\GitHub\pronto-framework\tests\TestCase.php(81): rmdir('C:\\Users\\Alessi...')
#2 [internal function]: TestCase::tearDownAfterClass()
#3 C:\Users\Alessio\Documents\GitHub\pronto-framework\vendor\phpunit\phpunit\src\Framework\TestSuite.php(752): call_user_func(Array)
#4 C:\Users\Alessio\Documents\GitHub\pronto-framework\vendor\phpunit\phpunit\src\Framework\TestSuite.php(747): PHPUnit_Framework_TestSuite->run(Object(PHPUnit_Framework_TestResult))
#5 C:\Users\Alessio\Documents\GitHub\pronto-framework\vendor\phpunit\phpunit\src\TextUI\TestRunner.php(440): PHPUnit_Framework_TestSuite->run(Object(PHPUnit_Framework_TestResult))
#6 C:\Users\Alessio\Documents\GitHub\pronto-framework\vendor\phpunit\phpunit\src\TextUI\Command.php(149): PHPUnit_TextUI_TestRunner->doRun(Object(PHPUnit_Framework_TestSuite), Array)
#7 C:\Users\Alessio\Documents\GitHub\pronto-framework\vendor\phpunit\phpunit\src\TextUI\Command.php(100): PHPUnit_TextUI_Command->run(Array, true)
#8 C:\Users\Alessio\Documents\GitHub\pronto-framework\vendor\phpunit\phpunit\phpunit(47): PHPUnit_TextUI_Command::main()
#9 {main}  
